2017-7-21 13:11:13 findAllUserAuthorityWarnSchduleRun
2017-7-21 13:11:13 findExceptionBoxsSchduleRun
2017-7-21 13:11:13 start at  :: 2333
2017-7-21 13:12:00 boxs []
2017-7-21 13:12:00 warnOpenIds []
2017-7-21 13:12:00 start check {}
2017-7-21 13:12:00 check done--> {}
2017-7-21 13:13:00 boxs []
2017-7-21 13:13:00 warnOpenIds []
2017-7-21 13:13:00 start check {}
2017-7-21 13:13:00 check done--> {}
2017-7-21 13:14:00 boxs []
2017-7-21 13:14:00 warnOpenIds []
2017-7-21 13:14:00 start check {}
2017-7-21 13:14:00 check done--> {}
2017-7-21 13:15:00 boxs []
2017-7-21 13:15:00 warnOpenIds []
2017-7-21 13:15:00 start check {}
2017-7-21 13:15:00 check done--> {}
2017-7-21 13:16:00 boxs []
2017-7-21 13:16:00 warnOpenIds []
2017-7-21 13:16:00 start check {}
2017-7-21 13:16:00 check done--> {}
2017-7-21 13:17:00 boxs []
2017-7-21 13:17:00 warnOpenIds []
2017-7-21 13:17:00 start check {}
2017-7-21 13:17:00 check done--> {}
2017-7-21 13:18:00 boxs []
2017-7-21 13:18:00 warnOpenIds []
2017-7-21 13:18:00 start check {}
2017-7-21 13:18:00 check done--> {}
2017-7-21 13:19:00 boxs []
2017-7-21 13:19:00 warnOpenIds []
2017-7-21 13:19:00 start check {}
2017-7-21 13:19:00 check done--> {}
2017-7-21 13:20:00 boxs []
2017-7-21 13:20:00 warnOpenIds []
2017-7-21 13:20:00 start check {}
2017-7-21 13:20:00 check done--> {}
2017-7-21 13:21:00 boxs []
2017-7-21 13:21:00 warnOpenIds []
2017-7-21 13:21:00 start check {}
2017-7-21 13:21:00 check done--> {}
2017-7-21 13:21:49 param---> { '{"userId":"userIdTestU1zm","openId":"onQbU0qn9ndcS9SVNanIzv5N7u1I","event":"testEvent","result":"testResult","hostId":"hostIdTestAbce","dateTime":"2017/07/17 09:45:01"}': '' }
2017-7-21 13:21:50 { id: 'userIdTestU1zm',
  openId: 'onQbU0qn9ndcS9SVNanIzv5N7u1I',
  createTime: '2017/07/17 09:45:01',
  hostId: 'hostIdTestAbce' }
2017-7-21 13:21:50 更新用户hostId成功--->%s->%s userIdTestU1zm hostIdTestAbce
2017-7-21 13:22:00 boxs []
2017-7-21 13:22:00 warnOpenIds []
2017-7-21 13:22:00 start check {}
2017-7-21 13:22:00 check done--> {}
2017-7-21 13:22:55 param---> { '{"userId":"userIdTestU2zm","openId":"onQbU0qn9ndcS9SVNanIzv5N7u1I","event":"testEvent","result":"testResult","hostId":"hostIdTestAbce","dateTime":"2017/07/17 09:45:01"}': '' }
2017-7-21 13:22:55 undefined
2017-7-21 13:22:55 添加用户成功---> userIdTestU2zm
2017-7-21 13:23:00 boxs []
2017-7-21 13:23:00 warnOpenIds []
2017-7-21 13:23:00 start check {}
2017-7-21 13:23:00 check done--> {}
2017-7-21 13:24:00 boxs []
2017-7-21 13:24:00 warnOpenIds []
2017-7-21 13:24:00 start check {}
2017-7-21 13:24:00 check done--> {}
2017-7-21 13:25:00 boxs []
2017-7-21 13:25:00 warnOpenIds []
2017-7-21 13:25:00 start check {}
2017-7-21 13:25:00 check done--> {}
2017-7-21 13:26:00 boxs []
2017-7-21 13:26:00 warnOpenIds []
2017-7-21 13:26:00 start check {}
2017-7-21 13:26:00 check done--> {}
2017-7-21 13:27:00 boxs []
2017-7-21 13:27:00 warnOpenIds []
2017-7-21 13:27:00 start check {}
2017-7-21 13:27:00 check done--> {}
2017-7-21 13:28:00 boxs []
2017-7-21 13:28:00 warnOpenIds []
2017-7-21 13:28:00 start check {}
2017-7-21 13:28:00 check done--> {}
2017-7-21 13:29:00 boxs []
2017-7-21 13:29:00 warnOpenIds []
2017-7-21 13:29:00 start check {}
2017-7-21 13:29:00 check done--> {}
2017-7-21 13:30:00 boxs []
2017-7-21 13:30:00 warnOpenIds []
2017-7-21 13:30:00 start check {}
2017-7-21 13:30:00 check done--> {}
2017-7-21 13:31:00 boxs []
2017-7-21 13:31:00 warnOpenIds []
2017-7-21 13:31:00 start check {}
2017-7-21 13:31:00 check done--> {}
2017-7-21 13:32:00 boxs []
2017-7-21 13:32:00 warnOpenIds []
2017-7-21 13:32:00 start check {}
2017-7-21 13:32:00 check done--> {}
